<?xml version="1.0" encoding="utf-8"?><testsuites name="pytest tests"><testsuite name="pytest" errors="0" failures="0" skipped="0" tests="14" time="2.200" timestamp="2026-03-13T14:55:42.989374+00:00" hostname="agent-env-8cd34c52-7dc3-4dba-b0a4-8bcdc1816e17"><testcase classname="backend.tests.test_invoiceai.TestHealth" name="test_health" time="0.163" /><testcase classname="backend.tests.test_invoiceai.TestAuth" name="test_register" time="0.301" /><testcase classname="backend.tests.test_invoiceai.TestAuth" name="test_register_duplicate" time="0.347" /><testcase classname="backend.tests.test_invoiceai.TestAuth" name="test_login_success" time="0.275" /><testcase classname="backend.tests.test_invoiceai.TestAuth" name="test_login_wrong_password" time="0.282" /><testcase classname="backend.tests.test_invoiceai.TestAuth" name="test_me" time="0.061" /><testcase classname="backend.tests.test_invoiceai.TestAuth" name="test_me_unauthenticated" time="0.157" /><testcase classname="backend.tests.test_invoiceai.TestInvoices" name="test_create_invoice" time="0.063" /><testcase classname="backend.tests.test_invoiceai.TestInvoices" name="test_list_invoices" time="0.058" /><testcase classname="backend.tests.test_invoiceai.TestInvoices" name="test_get_invoice" time="0.068" /><testcase classname="backend.tests.test_invoiceai.TestInvoices" name="test_update_invoice_status" time="0.116" /><testcase classname="backend.tests.test_invoiceai.TestInvoices" name="test_delete_invoice" time="0.119" /><testcase classname="backend.tests.test_invoiceai.TestAnalyticsVendors" name="test_analytics_summary" time="0.064" /><testcase classname="backend.tests.test_invoiceai.TestAnalyticsVendors" name="test_vendors" time="0.058" /></testsuite></testsuites>